
╔══════════════════════════════════════════════════════════════════════════════╗
║      _         __   __  __          _______ _____  __  __ 
     | |  /\    \ \ / /  \ \        / / ____|  __ \|  \/  |
     | | /  \    \ V /____\ \  /\  / / (___ | |__) | \  / |
 _   | |/ /\ \    > <______\ \/  \/ / \___ \|  ___/| |\/| |
| |__| / ____ \  / . \      \  /\  /  ____) | |    | |  | |
 \____/_/    \_\/_/ \_\      \/  \/  |_____/|_|    |_|  |_|
                                                           
                                                           
║
║                                                                              ║
║                     Water and Solute Transport Modeling                      ║
║                                                                              ║
║――――――――――――――――――――――――――――― System Information ―――――――――――――――――――――――――――――║
║ • Time: 2025-02-11 10:07:59                    ║
║ • Version: 1.0.0                                   ║
║ • GPU: NVIDIA A100-SXM4-40GB                        ║
║                                                                              ║
║―――――――――――――――――――――――――――― Contact Information ―――――――――――――――――――――――――――――║
║ • Nour-eddine Toutlini                                             ║
║ • PhD student at UM6P (Maroc) / ÉTS (Montreal)                  ║
║ • noureddine.toutlini@um6p.ma                              ║
║ • nour-eddine.toutlini.1@ens.etsmtl.ca                  ║
║                                                                              ║
╚══════════════════════════════════════════════════════════════════════════════╝


Starting simulation with configuration:
Test case: SoluteTest
Solver: gmres with none preconditioner
Loading files: data/mesh/solute/p_Pinns_16384.csv, data/mesh/solute/t_Pinns_16384.csv with size: (16384,)
