=== Running on CPU only ===
CPU cores allocated: 1
Memory allocated: 80G
==========================


╔══════════════════════════════════════════════════════════════════════════════╗
║      _         __   __  __          _______ _____  __  __ 
     | |  /\    \ \ / /  \ \        / / ____|  __ \|  \/  |
     | | /  \    \ V /____\ \  /\  / / (___ | |__) | \  / |
 _   | |/ /\ \    > <______\ \/  \/ / \___ \|  ___/| |\/| |
| |__| / ____ \  / . \      \  /\  /  ____) | |    | |  | |
 \____/_/    \_\/_/ \_\      \/  \/  |_____/|_|    |_|  |_|
                                                           
                                                           
║
║                                                                              ║
║                     Water and Solute Transport Modeling                      ║
║                                                                              ║
║――――――――――――――――――――――――――――― System Information ―――――――――――――――――――――――――――――║
║ • Time: 2025-02-26 12:08:53                    ║
║ • Version: 1.0.0                                   ║
║ • GPU: NVIDIA A100-SXM4-40GB                        ║
║                                                                              ║
║―――――――――――――――――――――――――――― Contact Information ―――――――――――――――――――――――――――――║
║ • Nour-eddine Toutlini                                             ║
║ • PhD student at UM6P (Maroc) / ÉTS (Montreal)                  ║
║ • noureddine.toutlini@um6p.ma                              ║
║ • nour-eddine.toutlini.1@ens.etsmtl.ca                  ║
║                                                                              ║
╚══════════════════════════════════════════════════════════════════════════════╝


Starting simulation with configuration:
Test case: Test3D
Solver: gmres with none preconditioner
Loading mesh files:
  Points: data/mesh/richards/p_3D.csv
  Elements: data/mesh/richards/t_3D.csv
Loaded 3D mesh with 9261 points and 48000 tetrahedra
